2020-04-09 16:05:20.780 INFO [main] [com.stepdefinition.login.Login_TC] [user_launches_demoblaze_website] [com.stepdefinition.login.Login_TC.user_launches_demoblaze_website(Login_TC.java:27)] - DemoBlaze is launched
2020-04-09 16:05:28.567 INFO [main] [com.stepdefinition.login.Login_TC] [user_enter_and_and_click_on_login] [com.stepdefinition.login.Login_TC.user_enter_and_and_click_on_login(Login_TC.java:45)] - Processing login with valid credentials
2020-04-09 16:05:43.672 INFO [main] [com.stepdefinition.phone.Phone_TC] [user_click_on_phone] [com.stepdefinition.phone.Phone_TC.user_click_on_phone(Phone_TC.java:31)] - Demoblaze site launches
2020-04-09 16:05:44.687 INFO [main] [com.stepdefinition.phone.Phone_TC] [user_click_on_phone] [com.stepdefinition.phone.Phone_TC.user_click_on_phone(Phone_TC.java:37)] - Click on mobile
2020-04-09 16:05:45.307 INFO [main] [com.stepdefinition.phone.Phone_TC] [user_click_on_the_desired_mobile_phone] [com.stepdefinition.phone.Phone_TC.user_click_on_the_desired_mobile_phone(Phone_TC.java:46)] - Select a mobie
2020-04-09 16:05:46.369 INFO [main] [com.stepdefinition.phone.Phone_TC] [user_click_o_add_to_cart] [com.stepdefinition.phone.Phone_TC.user_click_o_add_to_cart(Phone_TC.java:64)] - Add product to cart
2020-04-09 16:05:48.196 WARN [main] [com.stepdefinition.phone.Phone_TC] [user_click_o_add_to_cart] [com.stepdefinition.phone.Phone_TC.user_click_o_add_to_cart(Phone_TC.java:67)] - Window alert
2020-04-09 16:06:01.380 INFO [main] [com.stepdefinition.laptop.Laptop_TC] [user_click_on_laptop] [com.stepdefinition.laptop.Laptop_TC.user_click_on_laptop(Laptop_TC.java:29)] - Demoblaze site launches
2020-04-09 16:06:03.030 INFO [main] [com.stepdefinition.laptop.Laptop_TC] [user_click_on_laptop] [com.stepdefinition.laptop.Laptop_TC.user_click_on_laptop(Laptop_TC.java:34)] - Click on laptop
2020-04-09 16:06:03.975 INFO [main] [com.stepdefinition.laptop.Laptop_TC] [user_click_on_desired_laptop] [com.stepdefinition.laptop.Laptop_TC.user_click_on_desired_laptop(Laptop_TC.java:43)] - Select laptop
2020-04-09 16:06:04.750 INFO [main] [com.stepdefinition.laptop.Laptop_TC] [user_click_on_add_to_cart] [com.stepdefinition.laptop.Laptop_TC.user_click_on_add_to_cart(Laptop_TC.java:58)] - Add product to cart
2020-04-09 16:06:08.511 WARN [main] [com.stepdefinition.laptop.Laptop_TC] [user_click_on_add_to_cart] [com.stepdefinition.laptop.Laptop_TC.user_click_on_add_to_cart(Laptop_TC.java:63)] - Window alert
2020-04-09 16:06:21.179 INFO [main] [com.stepdefinition.monitor.Monitor_TC] [user_click_on_monitor] [com.stepdefinition.monitor.Monitor_TC.user_click_on_monitor(Monitor_TC.java:32)] - Demoblaze site launches
2020-04-09 16:06:21.998 INFO [main] [com.stepdefinition.monitor.Monitor_TC] [user_click_on_monitor] [com.stepdefinition.monitor.Monitor_TC.user_click_on_monitor(Monitor_TC.java:37)] - Click on monitor
2020-04-09 16:06:23.018 INFO [main] [com.stepdefinition.monitor.Monitor_TC] [user_click_on_dersired_monitor] [com.stepdefinition.monitor.Monitor_TC.user_click_on_dersired_monitor(Monitor_TC.java:45)] - Slect a monitor
2020-04-09 16:06:23.734 INFO [main] [com.stepdefinition.monitor.Monitor_TC] [user_click_on_add_to_cart] [com.stepdefinition.monitor.Monitor_TC.user_click_on_add_to_cart(Monitor_TC.java:62)] - Add monitor to cart
2020-04-09 16:06:27.975 WARN [main] [com.stepdefinition.monitor.Monitor_TC] [user_click_on_add_to_cart] [com.stepdefinition.monitor.Monitor_TC.user_click_on_add_to_cart(Monitor_TC.java:65)] - Window Alert
2020-04-09 16:06:40.665 INFO [main] [com.stepdefinition.purchase.Purchase_TC] [user_click_on_desired_product] [com.stepdefinition.purchase.Purchase_TC.user_click_on_desired_product(Purchase_TC.java:30)] - Demoblaze site launches
2020-04-09 16:06:42.226 INFO [main] [com.stepdefinition.purchase.Purchase_TC] [user_click_on_desired_product] [com.stepdefinition.purchase.Purchase_TC.user_click_on_desired_product(Purchase_TC.java:37)] - Select a product
2020-04-09 16:06:43.869 INFO [main] [com.stepdefinition.purchase.Purchase_TC] [user_click_on_add_to_cart] [com.stepdefinition.purchase.Purchase_TC.user_click_on_add_to_cart(Purchase_TC.java:45)] - add product to cart
2020-04-09 16:06:45.731 DEBUG [main] [com.stepdefinition.purchase.Purchase_TC] [user_click_on_add_to_cart] [com.stepdefinition.purchase.Purchase_TC.user_click_on_add_to_cart(Purchase_TC.java:48)] - Window Alert
2020-04-09 16:06:47.500 INFO [main] [com.stepdefinition.purchase.Purchase_TC] [click_on_place_order] [com.stepdefinition.purchase.Purchase_TC.click_on_place_order(Purchase_TC.java:64)] - Order product
2020-04-09 16:06:48.290 INFO [main] [com.stepdefinition.purchase.Purchase_TC] [click_on_purchase] [com.stepdefinition.purchase.Purchase_TC.click_on_purchase(Purchase_TC.java:85)] - Purchase product
2020-04-09 16:06:58.243 INFO [main] [com.stepdefinition.login.Login_TC] [user_clicks_on_signup_button] [com.stepdefinition.signup.SignUp_TC.user_clicks_on_signup_button(SignUp_TC.java:25)] - Demoblaze site launches
2020-04-09 16:07:03.155 INFO [main] [com.stepdefinition.login.Login_TC] [click_on_signup] [com.stepdefinition.signup.SignUp_TC.click_on_signup(SignUp_TC.java:44)] - Signup
2020-04-09 16:07:08.221 WARN [main] [com.stepdefinition.login.Login_TC] [click_on_signup] [com.stepdefinition.signup.SignUp_TC.click_on_signup(SignUp_TC.java:47)] - Window Alert
2020-04-09 16:07:21.569 INFO [main] [com.stepdefinition.login.Login_TC] [user_clicks_on_signup_button] [com.stepdefinition.signup.SignUp_TC.user_clicks_on_signup_button(SignUp_TC.java:25)] - Demoblaze site launches
2020-04-09 16:07:26.437 INFO [main] [com.stepdefinition.login.Login_TC] [click_on_signup] [com.stepdefinition.signup.SignUp_TC.click_on_signup(SignUp_TC.java:44)] - Signup
2020-04-09 16:07:31.518 WARN [main] [com.stepdefinition.login.Login_TC] [click_on_signup] [com.stepdefinition.signup.SignUp_TC.click_on_signup(SignUp_TC.java:47)] - Window Alert
2020-04-09 16:12:46.387 INFO [main] [com.stepdefinition.phone.Phone_TC] [user_click_on_phone] [com.stepdefinition.phone.Phone_TC.user_click_on_phone(Phone_TC.java:31)] - Demoblaze site launches
2020-04-09 16:19:29.955 INFO [main] [com.stepdefinition.login.Login_TC] [user_launches_demoblaze_website] [com.stepdefinition.login.Login_TC.user_launches_demoblaze_website(Login_TC.java:27)] - DemoBlaze is launched
2020-04-09 16:19:39.591 INFO [main] [com.stepdefinition.login.Login_TC] [user_enter_and_and_click_on_login] [com.stepdefinition.login.Login_TC.user_enter_and_and_click_on_login(Login_TC.java:45)] - Processing login with valid credentials
2020-04-09 16:20:04.267 INFO [main] [com.stepdefinition.phone.Phone_TC] [user_click_on_phone] [com.stepdefinition.phone.Phone_TC.user_click_on_phone(Phone_TC.java:31)] - Demoblaze site launches
2020-04-09 16:20:05.549 INFO [main] [com.stepdefinition.phone.Phone_TC] [user_click_on_phone] [com.stepdefinition.phone.Phone_TC.user_click_on_phone(Phone_TC.java:37)] - Click on mobile
2020-04-09 16:20:06.104 INFO [main] [com.stepdefinition.phone.Phone_TC] [user_click_on_the_desired_mobile_phone] [com.stepdefinition.phone.Phone_TC.user_click_on_the_desired_mobile_phone(Phone_TC.java:46)] - Select a mobie
2020-04-09 16:20:06.881 INFO [main] [com.stepdefinition.phone.Phone_TC] [user_click_o_add_to_cart] [com.stepdefinition.phone.Phone_TC.user_click_o_add_to_cart(Phone_TC.java:64)] - Add product to cart
2020-04-09 16:20:08.719 WARN [main] [com.stepdefinition.phone.Phone_TC] [user_click_o_add_to_cart] [com.stepdefinition.phone.Phone_TC.user_click_o_add_to_cart(Phone_TC.java:67)] - Window alert
2020-04-09 16:20:59.911 INFO [main] [com.stepdefinition.login.Login_TC] [user_launches_demoblaze_website] [com.stepdefinition.login.Login_TC.user_launches_demoblaze_website(Login_TC.java:27)] - DemoBlaze is launched
2020-04-09 16:21:08.286 INFO [main] [com.stepdefinition.login.Login_TC] [user_enter_and_and_click_on_login] [com.stepdefinition.login.Login_TC.user_enter_and_and_click_on_login(Login_TC.java:45)] - Processing login with valid credentials
2020-04-09 16:21:23.228 INFO [main] [com.stepdefinition.phone.Phone_TC] [user_click_on_phone] [com.stepdefinition.phone.Phone_TC.user_click_on_phone(Phone_TC.java:31)] - Demoblaze site launches
2020-04-09 16:21:24.839 INFO [main] [com.stepdefinition.phone.Phone_TC] [user_click_on_phone] [com.stepdefinition.phone.Phone_TC.user_click_on_phone(Phone_TC.java:37)] - Click on mobile
2020-04-09 16:21:25.309 INFO [main] [com.stepdefinition.phone.Phone_TC] [user_click_on_the_desired_mobile_phone] [com.stepdefinition.phone.Phone_TC.user_click_on_the_desired_mobile_phone(Phone_TC.java:46)] - Select a mobie
2020-04-09 16:21:26.036 INFO [main] [com.stepdefinition.phone.Phone_TC] [user_click_o_add_to_cart] [com.stepdefinition.phone.Phone_TC.user_click_o_add_to_cart(Phone_TC.java:64)] - Add product to cart
2020-04-09 16:21:28.002 WARN [main] [com.stepdefinition.phone.Phone_TC] [user_click_o_add_to_cart] [com.stepdefinition.phone.Phone_TC.user_click_o_add_to_cart(Phone_TC.java:67)] - Window alert
2020-04-09 16:21:40.691 INFO [main] [com.stepdefinition.laptop.Laptop_TC] [user_click_on_laptop] [com.stepdefinition.laptop.Laptop_TC.user_click_on_laptop(Laptop_TC.java:29)] - Demoblaze site launches
2020-04-09 16:21:42.223 INFO [main] [com.stepdefinition.laptop.Laptop_TC] [user_click_on_laptop] [com.stepdefinition.laptop.Laptop_TC.user_click_on_laptop(Laptop_TC.java:34)] - Click on laptop
2020-04-09 16:21:43.052 INFO [main] [com.stepdefinition.laptop.Laptop_TC] [user_click_on_desired_laptop] [com.stepdefinition.laptop.Laptop_TC.user_click_on_desired_laptop(Laptop_TC.java:43)] - Select laptop
2020-04-09 16:21:44.288 INFO [main] [com.stepdefinition.laptop.Laptop_TC] [user_click_on_add_to_cart] [com.stepdefinition.laptop.Laptop_TC.user_click_on_add_to_cart(Laptop_TC.java:58)] - Add product to cart
2020-04-09 16:21:48.088 WARN [main] [com.stepdefinition.laptop.Laptop_TC] [user_click_on_add_to_cart] [com.stepdefinition.laptop.Laptop_TC.user_click_on_add_to_cart(Laptop_TC.java:63)] - Window alert
2020-04-09 16:22:01.084 INFO [main] [com.stepdefinition.monitor.Monitor_TC] [user_click_on_monitor] [com.stepdefinition.monitor.Monitor_TC.user_click_on_monitor(Monitor_TC.java:32)] - Demoblaze site launches
2020-04-09 16:22:02.584 INFO [main] [com.stepdefinition.monitor.Monitor_TC] [user_click_on_monitor] [com.stepdefinition.monitor.Monitor_TC.user_click_on_monitor(Monitor_TC.java:37)] - Click on monitor
2020-04-09 16:22:03.474 INFO [main] [com.stepdefinition.monitor.Monitor_TC] [user_click_on_dersired_monitor] [com.stepdefinition.monitor.Monitor_TC.user_click_on_dersired_monitor(Monitor_TC.java:45)] - Slect a monitor
2020-04-09 16:22:04.267 INFO [main] [com.stepdefinition.monitor.Monitor_TC] [user_click_on_add_to_cart] [com.stepdefinition.monitor.Monitor_TC.user_click_on_add_to_cart(Monitor_TC.java:62)] - Add monitor to cart
2020-04-09 16:22:08.117 WARN [main] [com.stepdefinition.monitor.Monitor_TC] [user_click_on_add_to_cart] [com.stepdefinition.monitor.Monitor_TC.user_click_on_add_to_cart(Monitor_TC.java:65)] - Window Alert
2020-04-09 16:22:20.906 INFO [main] [com.stepdefinition.purchase.Purchase_TC] [user_click_on_desired_product] [com.stepdefinition.purchase.Purchase_TC.user_click_on_desired_product(Purchase_TC.java:30)] - Demoblaze site launches
2020-04-09 16:22:22.523 INFO [main] [com.stepdefinition.purchase.Purchase_TC] [user_click_on_desired_product] [com.stepdefinition.purchase.Purchase_TC.user_click_on_desired_product(Purchase_TC.java:37)] - Select a product
2020-04-09 16:22:24.000 INFO [main] [com.stepdefinition.purchase.Purchase_TC] [user_click_on_add_to_cart] [com.stepdefinition.purchase.Purchase_TC.user_click_on_add_to_cart(Purchase_TC.java:45)] - add product to cart
2020-04-09 16:22:25.711 DEBUG [main] [com.stepdefinition.purchase.Purchase_TC] [user_click_on_add_to_cart] [com.stepdefinition.purchase.Purchase_TC.user_click_on_add_to_cart(Purchase_TC.java:48)] - Window Alert
2020-04-09 16:22:27.493 INFO [main] [com.stepdefinition.purchase.Purchase_TC] [click_on_place_order] [com.stepdefinition.purchase.Purchase_TC.click_on_place_order(Purchase_TC.java:64)] - Order product
2020-04-09 16:22:28.202 INFO [main] [com.stepdefinition.purchase.Purchase_TC] [click_on_purchase] [com.stepdefinition.purchase.Purchase_TC.click_on_purchase(Purchase_TC.java:85)] - Purchase product
2020-04-09 16:22:38.369 INFO [main] [com.stepdefinition.login.Login_TC] [user_clicks_on_signup_button] [com.stepdefinition.signup.SignUp_TC.user_clicks_on_signup_button(SignUp_TC.java:25)] - Demoblaze site launches
2020-04-09 16:22:43.388 INFO [main] [com.stepdefinition.login.Login_TC] [click_on_signup] [com.stepdefinition.signup.SignUp_TC.click_on_signup(SignUp_TC.java:44)] - Signup
2020-04-09 16:22:48.456 WARN [main] [com.stepdefinition.login.Login_TC] [click_on_signup] [com.stepdefinition.signup.SignUp_TC.click_on_signup(SignUp_TC.java:47)] - Window Alert
2020-04-09 16:23:01.910 INFO [main] [com.stepdefinition.login.Login_TC] [user_clicks_on_signup_button] [com.stepdefinition.signup.SignUp_TC.user_clicks_on_signup_button(SignUp_TC.java:25)] - Demoblaze site launches
2020-04-09 16:23:06.903 INFO [main] [com.stepdefinition.login.Login_TC] [click_on_signup] [com.stepdefinition.signup.SignUp_TC.click_on_signup(SignUp_TC.java:44)] - Signup
2020-04-09 16:23:11.973 WARN [main] [com.stepdefinition.login.Login_TC] [click_on_signup] [com.stepdefinition.signup.SignUp_TC.click_on_signup(SignUp_TC.java:47)] - Window Alert
